<?xml version="1.0" encoding="UTF-8"?>
<!-- Generated by org.testng.reporters.JUnitReportReporter -->
<testsuite hostname="DESKTOP-2TQG2BA" failures="0" tests="1" name="basic.TiraTest" time="65.334" errors="0" timestamp="2024-01-17T21:58:29 GMT-08:00" skipped="0">
  <testcase classname="basic.TiraTest" name="tiraTest" time="65.334"/>
  <system-out/>
</testsuite> <!-- basic.TiraTest -->
